<?xml version="1.0" encoding="UTF-8"?>
<!-- Generated by org.testng.reporters.JUnitXMLReporter -->
<testsuite hostname="IT364925" ignored="0" name="Default test" tests="3" failures="0" timestamp="07 Feb 2019 18:47:56 GMT" time="103.703" errors="0">
  <testcase name="getIncorrectPOData" time="19.859" classname="com.receipting.test.PSFFetchData"/>
  <testcase name="getIncorrectPOData" time="15.044" classname="com.receipting.test.PSFFetchData"/>
  <testcase name="getIncorrectPOData" time="16.266" classname="com.receipting.test.PSFFetchData"/>
</testsuite> <!-- Default test -->
