<?xml version="1.0" encoding="UTF-8"?>
<!-- Generated by org.testng.reporters.JUnitXMLReporter -->
<testsuite hostname="IT364925" ignored="0" name="Default test" tests="4" failures="0" timestamp="04 Feb 2019 21:49:45 GMT" time="147.861" errors="0">
  <testcase name="getRequestData" time="98.434" classname="com.receipting.test.PSFFetchData"/>
  <testcase name="getPoCancelledData" time="25.967" classname="com.receipting.test.PSFFetchData"/>
  <testcase name="getTravelRelatedData" time="0.001" classname="com.receipting.test.PSFFetchData"/>
  <testcase name="getIncorrectPOData" time="14.164" classname="com.receipting.test.PSFFetchData"/>
</testsuite> <!-- Default test -->
