<?xml version="1.0" encoding="UTF-8"?>
<testng-results skipped="0" failed="0" ignored="0" total="3" passed="3">
  <reporter-output>
  </reporter-output>
  <suite name="Default suite" duration-ms="103703" started-at="2019-02-07T18:46:12Z" finished-at="2019-02-07T18:47:56Z">
    <groups>
    </groups>
    <test name="Default test" duration-ms="103703" started-at="2019-02-07T18:46:12Z" finished-at="2019-02-07T18:47:56Z">
      <class name="com.receipting.test.PSFFetchData">
        <test-method status="PASS" signature="setUp()[pri:0, instance:com.receipting.test.PSFFetchData@5b12b668]" name="setUp" is-config="true" duration-ms="52491" started-at="2019-02-07T18:46:12Z" finished-at="2019-02-07T18:47:05Z">
          <reporter-output>
          </reporter-output>
        </test-method> <!-- setUp -->
        <test-method status="PASS" signature="getIncorrectPOData(java.lang.String, java.lang.String)[pri:4, instance:com.receipting.test.PSFFetchData@5b12b668]" name="getIncorrectPOData" duration-ms="19859" started-at="2019-02-07T18:47:05Z" description="Incorrect PO" data-provider="incorrectPoDataProviders" finished-at="2019-02-07T18:47:25Z">
          <params>
            <param index="0">
              <value>
                <![CDATA[Invalid PO Format -Incorrect length]]>
              </value>
            </param>
            <param index="1">
              <value>
                <![CDATA[XF0123456]]>
              </value>
            </param>
          </params>
          <reporter-output>
          </reporter-output>
        </test-method> <!-- getIncorrectPOData -->
        <test-method status="PASS" signature="getIncorrectPOData(java.lang.String, java.lang.String)[pri:4, instance:com.receipting.test.PSFFetchData@5b12b668]" name="getIncorrectPOData" duration-ms="15044" started-at="2019-02-07T18:47:25Z" description="Incorrect PO" data-provider="incorrectPoDataProviders" finished-at="2019-02-07T18:47:40Z">
          <params>
            <param index="0">
              <value>
                <![CDATA[Valid format, no corresponding PO in PS Finance]]>
              </value>
            </param>
            <param index="1">
              <value>
                <![CDATA[PS0000123456]]>
              </value>
            </param>
          </params>
          <reporter-output>
          </reporter-output>
        </test-method> <!-- getIncorrectPOData -->
        <test-method status="PASS" signature="getIncorrectPOData(java.lang.String, java.lang.String)[pri:4, instance:com.receipting.test.PSFFetchData@5b12b668]" name="getIncorrectPOData" duration-ms="16266" started-at="2019-02-07T18:47:40Z" description="Incorrect PO" data-provider="incorrectPoDataProviders" finished-at="2019-02-07T18:47:56Z">
          <params>
            <param index="0">
              <value>
                <![CDATA[Invalid Business Unit Code]]>
              </value>
            </param>
            <param index="1">
              <value>
                <![CDATA[XF0000123456]]>
              </value>
            </param>
          </params>
          <reporter-output>
          </reporter-output>
        </test-method> <!-- getIncorrectPOData -->
        <test-method status="PASS" signature="tearDown()[pri:0, instance:com.receipting.test.PSFFetchData@5b12b668]" name="tearDown" is-config="true" duration-ms="3" started-at="2019-02-07T18:47:56Z" finished-at="2019-02-07T18:47:56Z">
          <reporter-output>
          </reporter-output>
        </test-method> <!-- tearDown -->
      </class> <!-- com.receipting.test.PSFFetchData -->
    </test> <!-- Default test -->
  </suite> <!-- Default suite -->
</testng-results>
