<?xml version="1.0" encoding="UTF-8"?>
<testng-results skipped="0" failed="0" ignored="0" total="10" passed="10">
  <reporter-output>
  </reporter-output>
  <suite name="Default suite" duration-ms="696654" started-at="2019-02-11T04:04:30Z" finished-at="2019-02-11T04:16:07Z">
    <groups>
    </groups>
    <test name="Default test" duration-ms="696654" started-at="2019-02-11T04:04:30Z" finished-at="2019-02-11T04:16:07Z">
      <class name="com.receipting.test.PSFFetchData">
        <test-method status="PASS" signature="setUp()[pri:0, instance:com.receipting.test.PSFFetchData@5b12b668]" name="setUp" is-config="true" duration-ms="50404" started-at="2019-02-11T04:04:30Z" finished-at="2019-02-11T04:05:20Z">
          <reporter-output>
          </reporter-output>
        </test-method> <!-- setUp -->
        <test-method status="PASS" signature="getRequestData(java.lang.String, java.lang.String)[pri:1, instance:com.receipting.test.PSFFetchData@5b12b668]" name="getRequestData" duration-ms="107376" started-at="2019-02-11T04:05:20Z" description="poDispatched And PartialyReceived" data-provider="mainDataProviders" finished-at="2019-02-11T04:07:08Z">
          <params>
            <param index="0">
              <value>
                <![CDATA[1]]>
              </value>
            </param>
            <param index="1">
              <value>
                <![CDATA[PO(s) Dispatched]]>
              </value>
            </param>
          </params>
          <reporter-output>
          </reporter-output>
        </test-method> <!-- getRequestData -->
        <test-method status="PASS" signature="getRequestData(java.lang.String, java.lang.String)[pri:1, instance:com.receipting.test.PSFFetchData@5b12b668]" name="getRequestData" duration-ms="217272" started-at="2019-02-11T04:07:08Z" description="poDispatched And PartialyReceived" data-provider="mainDataProviders" finished-at="2019-02-11T04:10:45Z">
          <params>
            <param index="0">
              <value>
                <![CDATA[2]]>
              </value>
            </param>
            <param index="1">
              <value>
                <![CDATA[Partially Received]]>
              </value>
            </param>
          </params>
          <reporter-output>
          </reporter-output>
        </test-method> <!-- getRequestData -->
        <test-method status="PASS" signature="getPoCancelledAndCompletedData(java.lang.String, java.lang.String)[pri:2, instance:com.receipting.test.PSFFetchData@5b12b668]" name="getPoCancelledAndCompletedData" duration-ms="26146" started-at="2019-02-11T04:10:45Z" description="PO(s) Canceled/completed/Received" data-provider="PoCanceledAndCompletedDataProvider" finished-at="2019-02-11T04:11:11Z">
          <params>
            <param index="0">
              <value>
                <![CDATA[1]]>
              </value>
            </param>
            <param index="1">
              <value>
                <![CDATA[PO(s) Canceled]]>
              </value>
            </param>
          </params>
          <reporter-output>
          </reporter-output>
        </test-method> <!-- getPoCancelledAndCompletedData -->
        <test-method status="PASS" signature="getPoCancelledAndCompletedData(java.lang.String, java.lang.String)[pri:2, instance:com.receipting.test.PSFFetchData@5b12b668]" name="getPoCancelledAndCompletedData" duration-ms="75486" started-at="2019-02-11T04:11:11Z" description="PO(s) Canceled/completed/Received" data-provider="PoCanceledAndCompletedDataProvider" finished-at="2019-02-11T04:12:27Z">
          <params>
            <param index="0">
              <value>
                <![CDATA[2]]>
              </value>
            </param>
            <param index="1">
              <value>
                <![CDATA[PO(s) Completed]]>
              </value>
            </param>
          </params>
          <reporter-output>
          </reporter-output>
        </test-method> <!-- getPoCancelledAndCompletedData -->
        <test-method status="PASS" signature="getPoCancelledAndCompletedData(java.lang.String, java.lang.String)[pri:2, instance:com.receipting.test.PSFFetchData@5b12b668]" name="getPoCancelledAndCompletedData" duration-ms="85128" started-at="2019-02-11T04:12:27Z" description="PO(s) Canceled/completed/Received" data-provider="PoCanceledAndCompletedDataProvider" finished-at="2019-02-11T04:13:52Z">
          <params>
            <param index="0">
              <value>
                <![CDATA[3]]>
              </value>
            </param>
            <param index="1">
              <value>
                <![CDATA[Received]]>
              </value>
            </param>
          </params>
          <reporter-output>
          </reporter-output>
        </test-method> <!-- getPoCancelledAndCompletedData -->
        <test-method status="PASS" signature="getSciQuestData()[pri:3, instance:com.receipting.test.PSFFetchData@5b12b668]" name="getSciQuestData" duration-ms="15927" started-at="2019-02-11T04:13:52Z" description="SciQuest" finished-at="2019-02-11T04:14:08Z">
          <reporter-output>
          </reporter-output>
        </test-method> <!-- getSciQuestData -->
        <test-method status="PASS" signature="getIncorrectPOData(java.lang.String, java.lang.String)[pri:4, instance:com.receipting.test.PSFFetchData@5b12b668]" name="getIncorrectPOData" duration-ms="14684" started-at="2019-02-11T04:14:08Z" description="Incorrect PO" data-provider="incorrectPoDataProviders" finished-at="2019-02-11T04:14:23Z">
          <params>
            <param index="0">
              <value>
                <![CDATA[Invalid PO Format -Incorrect length]]>
              </value>
            </param>
            <param index="1">
              <value>
                <![CDATA[XF0123456]]>
              </value>
            </param>
          </params>
          <reporter-output>
          </reporter-output>
        </test-method> <!-- getIncorrectPOData -->
        <test-method status="PASS" signature="getIncorrectPOData(java.lang.String, java.lang.String)[pri:4, instance:com.receipting.test.PSFFetchData@5b12b668]" name="getIncorrectPOData" duration-ms="13016" started-at="2019-02-11T04:14:23Z" description="Incorrect PO" data-provider="incorrectPoDataProviders" finished-at="2019-02-11T04:14:36Z">
          <params>
            <param index="0">
              <value>
                <![CDATA[Valid format, no corresponding PO in PS Finance]]>
              </value>
            </param>
            <param index="1">
              <value>
                <![CDATA[PS0000123456]]>
              </value>
            </param>
          </params>
          <reporter-output>
          </reporter-output>
        </test-method> <!-- getIncorrectPOData -->
        <test-method status="PASS" signature="getIncorrectPOData(java.lang.String, java.lang.String)[pri:4, instance:com.receipting.test.PSFFetchData@5b12b668]" name="getIncorrectPOData" duration-ms="12776" started-at="2019-02-11T04:14:36Z" description="Incorrect PO" data-provider="incorrectPoDataProviders" finished-at="2019-02-11T04:14:48Z">
          <params>
            <param index="0">
              <value>
                <![CDATA[Invalid Business Unit Code]]>
              </value>
            </param>
            <param index="1">
              <value>
                <![CDATA[XF0000123456]]>
              </value>
            </param>
          </params>
          <reporter-output>
          </reporter-output>
        </test-method> <!-- getIncorrectPOData -->
        <test-method status="PASS" signature="getTravelRelatedData()[pri:4, instance:com.receipting.test.PSFFetchData@5b12b668]" name="getTravelRelatedData" duration-ms="78089" started-at="2019-02-11T04:14:48Z" description="Travel Realted" finished-at="2019-02-11T04:16:06Z">
          <reporter-output>
          </reporter-output>
        </test-method> <!-- getTravelRelatedData -->
        <test-method status="PASS" signature="tearDown()[pri:0, instance:com.receipting.test.PSFFetchData@5b12b668]" name="tearDown" is-config="true" duration-ms="292" started-at="2019-02-11T04:16:06Z" finished-at="2019-02-11T04:16:07Z">
          <reporter-output>
          </reporter-output>
        </test-method> <!-- tearDown -->
      </class> <!-- com.receipting.test.PSFFetchData -->
    </test> <!-- Default test -->
  </suite> <!-- Default suite -->
</testng-results>
